#
# A fatal error has been detected by the Java Runtime Environment:
#
#  EXCEPTION_ACCESS_VIOLATION (0xc0000005) at pc=0x00007ffffc4eb5b6, pid=5080, tid=4864
#
# JRE version: OpenJDK Runtime Environment Temurin-21.0.6+7 (21.0.6+7) (build 21.0.6+7-LTS)
# Java VM: OpenJDK 64-Bit Server VM Temurin-21.0.6+7 (21.0.6+7-LTS, mixed mode, sharing, tiered, compressed oops, compressed class ptrs, g1 gc, windows-amd64)
# Problematic frame:
# C  [awt.dll+0xdb5b6]
#
# No core dump will be written. Minidumps are not enabled by default on client versions of Windows
#
# If you would like to submit a bug report, please visit:
#   https://github.com/adoptium/adoptium-support/issues
# The crash happened outside the Java Virtual Machine in native code.
# See problematic frame for where to report the bug.
#

---------------  S U M M A R Y ------------

Command Line: -ea -agentlib:jdwp=transport=dt_shmem,address=javadebug -Dfile.encoding=UTF-8 bluej.runtime.ExecServer UTF-8

Host: Intel(R) Core(TM) Ultra 7 155H, 22 cores, 31G,  Windows 11 , 64 bit Build 26100 (10.0.26100.5074)
Time: Thu Oct  2 12:15:15 2025  Windows 11 , 64 bit Build 26100 (10.0.26100.5074) elapsed time: 1323.692621 seconds (0d 0h 22m 3s)

---------------  T H R E A D  ---------------

Current thread (0x000002262b147b20):  JavaThread "AWT-EventQueue-0"        [_thread_in_native, id=4864, stack(0x000000ced4400000,0x000000ced4500000) (1024K)]

Stack: [0x000000ced4400000,0x000000ced4500000],  sp=0x000000ced44fe8c0,  free space=1018k
Native frames: (J=compiled Java code, j=interpreted, Vv=VM code, C=native code)
C  [awt.dll+0xdb5b6]

Java frames: (J=compiled Java code, j=interpreted, Vv=VM code)
j  sun.awt.Win32GraphicsDevice.initNativeScale(I)V+0 java.desktop@21.0.6
j  sun.awt.Win32GraphicsDevice.initScaleFactors()V+60 java.desktop@21.0.6
j  sun.awt.Win32GraphicsDevice.displayChanged()V+16 java.desktop@21.0.6
j  sun.awt.Win32GraphicsEnvironment.displayChanged()V+271 java.desktop@21.0.6
j  sun.awt.windows.WToolkit.lambda$displayChanged$4()V+15 java.desktop@21.0.6
j  sun.awt.windows.WToolkit$$Lambda+0x00000225e706f0f8.run()V+0 java.desktop@21.0.6
j  java.awt.event.InvocationEvent.dispatch()V+47 java.desktop@21.0.6
j  java.awt.EventQueue.dispatchEventImpl(Ljava/awt/AWTEvent;Ljava/lang/Object;)V+21 java.desktop@21.0.6
j  java.awt.EventQueue$4.run()Ljava/lang/Void;+32 java.desktop@21.0.6
j  java.awt.EventQueue$4.run()Ljava/lang/Object;+1 java.desktop@21.0.6
j  java.security.AccessController.executePrivileged(Ljava/security/PrivilegedAction;Ljava/security/AccessControlContext;Ljava/lang/Class;)Ljava/lang/Object;+29 java.base@21.0.6
j  java.security.AccessController.doPrivileged(Ljava/security/PrivilegedAction;Ljava/security/AccessControlContext;)Ljava/lang/Object;+13 java.base@21.0.6
j  java.security.ProtectionDomain$JavaSecurityAccessImpl.doIntersectionPrivilege(Ljava/security/PrivilegedAction;Ljava/security/AccessControlContext;Ljava/security/AccessControlContext;)Ljava/lang/Object;+18 java.base@21.0.6
j  java.awt.EventQueue.dispatchEvent(Ljava/awt/AWTEvent;)V+46 java.desktop@21.0.6
j  java.awt.EventDispatchThread.pumpOneEventForFilters(I)V+81 java.desktop@21.0.6
j  java.awt.EventDispatchThread.pumpEventsForFilter(ILjava/awt/Conditional;Ljava/awt/EventFilter;)V+35 java.desktop@21.0.6
j  java.awt.EventDispatchThread.pumpEventsForHierarchy(ILjava/awt/Conditional;Ljava/awt/Component;)V+11 java.desktop@21.0.6
j  java.awt.EventDispatchThread.pumpEvents(ILjava/awt/Conditional;)V+4 java.desktop@21.0.6
j  java.awt.EventDispatchThread.pumpEvents(Ljava/awt/Conditional;)V+3 java.desktop@21.0.6
j  java.awt.EventDispatchThread.run()V+9 java.desktop@21.0.6
v  ~StubRoutines::call_stub 0x00000225cfbf100d

siginfo: EXCEPTION_ACCESS_VIOLATION (0xc0000005), reading address 0xffffffffffffffff


Registers:
RAX=0x0065707954746567, RBX=0x00000225e5816990, RCX=0x0065707954746567, RDX=0x0000000000000000
RSP=0x000000ced44fe8c0, RBP=0x000000ced44fe9a0, RSI=0x0000000000000000, RDI=0x0000000000000000
R8 =0x0000000000000001, R9 =0x000000ced4055000, R10=0x00000225cfc00787, R11=0x0000000000000100
R12=0x0000000000000000, R13=0x00000226272431b8, R14=0x000000ced44fe9c8, R15=0x000002262b147b20
RIP=0x00007ffffc4eb5b6, EFLAGS=0x0000000000010206

XMM[0]=0x0000000000000000 0x0000000000000000
XMM[1]=0x0000000000000000 0x00000000bf800000
XMM[2]=0x0000000000000000 0x0000000000000000
XMM[3]=0x0000000000000000 0x0000000000000000
XMM[4]=0x0000000000000000 0x0000000000000000
XMM[5]=0x0000000000000000 0x0000000000000000
XMM[6]=0x0000000000000000 0x0000000000000000
XMM[7]=0x0000000000000000 0x0000000000000000
XMM[8]=0x0000000000000000 0x0000000000000000
XMM[9]=0x0000000000000000 0x0000000000000000
XMM[10]=0x0000000000000000 0x0000000000000000
XMM[11]=0x0000000000000000 0x0000000000000000
XMM[12]=0x0000000000000000 0x0000000000000000
XMM[13]=0x0000000000000000 0x0000000000000000
XMM[14]=0x0000000000000000 0x0000000000000000
XMM[15]=0x0000000000000000 0x0000000000000000
  MXCSR=0x00001fa0


Register to memory mapping:

RAX=0x0065707954746567 is an unknown value
RBX=0x00000225e5816990 points into unknown readable memory: 0x00000225e56ec550 | 50 c5 6e e5 25 02 00 00
RCX=0x0065707954746567 is an unknown value
RDX=0x0 is null
RSP=0x000000ced44fe8c0 is pointing into the stack for thread: 0x000002262b147b20
RBP=0x000000ced44fe9a0 is pointing into the stack for thread: 0x000002262b147b20
RSI=0x0 is null
RDI=0x0 is null
R8 =0x0000000000000001 is an unknown value
R9 =0x000000ced4055000 points into unknown readable memory: 0x0000000000000000 | 00 00 00 00 00 00 00 00
R10=0x00000225cfc00787 is at code_begin+1927 in an Interpreter codelet
native method entry point (kind = native)  [0x00000225cfc00000, 0x00000225cfc01238]  4664 bytes
R11=0x0000000000000100 is an unknown value
R12=0x0 is null
R13={method} {0x00000226272431c0} 'initNativeScale' '(I)V' in 'sun/awt/Win32GraphicsDevice'
R14=0x000000ced44fe9c8 is pointing into the stack for thread: 0x000002262b147b20
R15=0x000002262b147b20 is a thread

Top of Stack: (sp=0x000000ced44fe8c0)
0x000000ced44fe8c0:   00000225e5816990 00000225cfbf95b8
0x000000ced44fe8d0:   0000000000000000 00000225e5816990
0x000000ced44fe8e0:   00000225e5816990 00007ffffc4ecdf2
0x000000ced44fe8f0:   00007ffffc54a848 00000226272431b8
0x000000ced44fe900:   0000000000000000 00007fffe08ad328
0x000000ced44fe910:   00000225cfbf96b9 00000225cfc007b6
0x000000ced44fe920:   00000226272431b8 000002262b147b20
0x000000ced44fe930:   0000000000000000 0000000000000000
0x000000ced44fe940:   000000ced44fe9a0 0000000000000001
0x000000ced44fe950:   0000000627defcf8 000000ced44fe958
0x000000ced44fe960:   0000000000000000 0000000000000005
0x000000ced44fe970:   00000226272461f0 0000000000000000
0x000000ced44fe980:   0000000627ded5b0 00000226272431b8
0x000000ced44fe990:   0000000000000000 000000ced44fe9c0
0x000000ced44fe9a0:   000000ced44fea18 00000225cfbf91b4
0x000000ced44fe9b0:   0000000000000000 00000225cfbfc6f7
0x000000ced44fe9c0:   0000000000000000 0000000627dedf58
0x000000ced44fe9d0:   000000ced44fe9d0 000002262724380c
0x000000ced44fe9e0:   0000000000000002 00000226272461f0
0x000000ced44fe9f0:   0000000000000000 0000000627ded5b0
0x000000ced44fea00:   0000022627243858 000000ced44fe9c0
0x000000ced44fea10:   000000ced44fea28 000000ced44fea78
0x000000ced44fea20:   00000225cfbf91b4 0000000627dedf58
0x000000ced44fea30:   000000ced44fea30 00000226272450d0
0x000000ced44fea40:   0000000000000003 00000226272461f0
0x000000ced44fea50:   0000000000000000 0000000627ded5b0
0x000000ced44fea60:   0000022627245118 000000ced44fea28
0x000000ced44fea70:   000000ced44fea90 000000ced44feae0
0x000000ced44fea80:   00000225cfbf91b4 0000000000000000
0x000000ced44fea90:   0000000627dedf58 000000ced44fea98
0x000000ced44feaa0:   0000022627232a7f 0000000000000008
0x000000ced44feab0:   00000226272369b0 0000000000000000 

Instructions: (pc=0x00007ffffc4eb5b6)
0x00007ffffc4eb4b6:   00 68 00 00 00 0f 11 44 24 34 0f 11 44 24 44 0f
0x00007ffffc4eb4c6:   11 44 24 54 0f 11 44 24 64 0f 11 44 24 74 0f 11
0x00007ffffc4eb4d6:   84 24 84 00 00 00 89 84 24 94 00 00 00 c7 44 24
0x00007ffffc4eb4e6:   30 68 00 00 00 48 8d 94 24 a0 00 00 00 48 8b cd
0x00007ffffc4eb4f6:   ff 15 cc 88 06 00 85 c0 74 40 48 8d 54 24 30 48
0x00007ffffc4eb506:   8b ce ff 15 ba 88 06 00 85 c0 74 2e 48 8d 54 24
0x00007ffffc4eb516:   34 48 8d 8c 24 a4 00 00 00 ff 15 eb 83 06 00 85
0x00007ffffc4eb526:   c0 74 17 48 8d 54 24 44 48 8d 8c 24 b4 00 00 00
0x00007ffffc4eb536:   ff 15 d4 83 06 00 85 c0 75 11 ff c7 3b 7b 0c 0f
0x00007ffffc4eb546:   8c 15 ff ff ff 8b 3d 4f be 06 00 48 8b cb e8 b7
0x00007ffffc4eb556:   c9 f4 ff 90 8b c7 48 8b 8c 24 10 01 00 00 48 33
0x00007ffffc4eb566:   cc e8 54 02 01 00 4c 8d 9c 24 20 01 00 00 49 8b
0x00007ffffc4eb576:   5b 18 49 8b 6b 20 49 8b 73 28 49 8b e3 5f c3 cc
0x00007ffffc4eb586:   cc cc cc cc cc cc cc cc cc cc 48 8b 41 08 48 8b
0x00007ffffc4eb596:   80 18 0c 00 00 c3 cc cc cc cc 48 8b 41 08 48 05
0x00007ffffc4eb5a6:   00 04 00 00 c3 cc cc cc cc cc 40 53 48 83 ec 20
0x00007ffffc4eb5b6:   83 79 50 00 48 8b d9 75 56 48 8b 49 28 4c 8d 44
0x00007ffffc4eb5c6:   24 38 48 8d 54 24 30 c7 44 24 30 00 00 80 bf c7
0x00007ffffc4eb5d6:   44 24 38 00 00 80 bf e8 be e1 00 00 f3 0f 10 54
0x00007ffffc4eb5e6:   24 30 0f 57 c0 0f 2f d0 76 25 f3 0f 10 4c 24 38
0x00007ffffc4eb5f6:   0f 2f c8 76 1a f3 0f 5e 15 09 a7 02 00 f3 0f 5e
0x00007ffffc4eb606:   0d 01 a7 02 00 f3 0f 11 53 48 f3 0f 11 4b 4c 48
0x00007ffffc4eb616:   83 c4 20 5b c3 cc cc cc cc cc 48 89 5c 24 10 48
0x00007ffffc4eb626:   89 74 24 18 48 89 7c 24 20 41 56 48 83 ec 40 48
0x00007ffffc4eb636:   8b d9 48 83 79 18 00 75 14 b9 28 04 00 00 e8 97
0x00007ffffc4eb646:   97 00 00 48 89 43 18 c7 00 28 00 00 00 48 8b 43
0x00007ffffc4eb656:   18 33 ff 66 89 78 0e 48 8b 4b 28 e8 5a 03 00 00
0x00007ffffc4eb666:   48 8b f0 ba 01 00 00 00 44 8b c2 48 8b c8 ff 15
0x00007ffffc4eb676:   b6 7f 06 00 4c 8b f0 89 7c 24 30 48 8b 4b 18 48
0x00007ffffc4eb686:   89 4c 24 28 48 89 7c 24 20 44 8d 4f 01 45 33 c0
0x00007ffffc4eb696:   48 8b d0 48 8b ce ff 15 6e 80 06 00 48 8b 53 30
0x00007ffffc4eb6a6:   48 8b 0b 83 79 04 08 0f 8e 01 02 00 00 f6 42 24 


Stack slot to memory mapping:

stack at sp + 0 slots: 0x00000225e5816990 points into unknown readable memory: 0x00000225e56ec550 | 50 c5 6e e5 25 02 00 00
stack at sp + 1 slots: 0x00000225cfbf95b8 is at code_begin+4408 in an Interpreter codelet
return entry points  [0x00000225cfbf8480, 0x00000225cfbfa590]  8464 bytes
stack at sp + 2 slots: 0x0 is null
stack at sp + 3 slots: 0x00000225e5816990 points into unknown readable memory: 0x00000225e56ec550 | 50 c5 6e e5 25 02 00 00
stack at sp + 4 slots: 0x00000225e5816990 points into unknown readable memory: 0x00000225e56ec550 | 50 c5 6e e5 25 02 00 00
stack at sp + 5 slots: 0x00007ffffc4ecdf2 awt.dll
stack at sp + 6 slots: 0x00007ffffc54a848 awt.dll
stack at sp + 7 slots: {method} {0x00000226272431c0} 'initNativeScale' '(I)V' in 'sun/awt/Win32GraphicsDevice'


---------------  P R O C E S S  ---------------

Threads class SMR info:
_java_thread_list=0x000002262b147390, length=20, elements={
0x00000225e54bca50, 0x00000225e54bd6a0, 0x00000225e54c37f0, 0x00000225e54c44a0,
0x00000225e54c5df0, 0x00000225e54cb5e0, 0x00000225e54c9020, 0x00000225e54df160,
0x00000225e56c78a0, 0x00000225e56cb0d0, 0x00000225e56cba20, 0x00000225e56cc160,
0x00000225e56e14f0, 0x000002262b103380, 0x000002262b129df0, 0x000002262b13dc80,
0x00000225c00b9910, 0x00000225e55f9c10, 0x00000225e55f7150, 0x000002262b147b20
}

Java Threads: ( => current thread )
  0x00000225e54bca50 JavaThread "Reference Handler"          daemon [_thread_blocked, id=46676, stack(0x000000ced4d00000,0x000000ced4e00000) (1024K)]
  0x00000225e54bd6a0 JavaThread "Finalizer"                  daemon [_thread_blocked, id=14372, stack(0x000000ced4e00000,0x000000ced4f00000) (1024K)]
  0x00000225e54c37f0 JavaThread "Signal Dispatcher"          daemon [_thread_blocked, id=49876, stack(0x000000ced4f00000,0x000000ced5000000) (1024K)]
  0x00000225e54c44a0 JavaThread "Attach Listener"            daemon [_thread_blocked, id=33160, stack(0x000000ced5000000,0x000000ced5100000) (1024K)]
  0x00000225e54c5df0 JavaThread "Service Thread"             daemon [_thread_blocked, id=27176, stack(0x000000ced5100000,0x000000ced5200000) (1024K)]
  0x00000225e54cb5e0 JavaThread "Monitor Deflation Thread"   daemon [_thread_blocked, id=28148, stack(0x000000ced5200000,0x000000ced5300000) (1024K)]
  0x00000225e54c9020 JavaThread "C2 CompilerThread0"         daemon [_thread_blocked, id=43512, stack(0x000000ced5300000,0x000000ced5400000) (1024K)]
  0x00000225e54df160 JavaThread "C1 CompilerThread0"         daemon [_thread_blocked, id=45804, stack(0x000000ced5400000,0x000000ced5500000) (1024K)]
  0x00000225e56c78a0 JavaThread "JDWP Transport Listener: dt_shmem" daemon [_thread_blocked, id=37612, stack(0x000000ced5700000,0x000000ced5800000) (1024K)]
  0x00000225e56cb0d0 JavaThread "JDWP Event Helper Thread"   daemon [_thread_blocked, id=36912, stack(0x000000ced5800000,0x000000ced5900000) (1024K)]
  0x00000225e56cba20 JavaThread "JDWP Command Reader"        daemon [_thread_in_native, id=34692, stack(0x000000ced5900000,0x000000ced5a00000) (1024K)]
  0x00000225e56cc160 JavaThread "Notification Thread"        daemon [_thread_blocked, id=35272, stack(0x000000ced5a00000,0x000000ced5b00000) (1024K)]
  0x00000225e56e14f0 JavaThread "Common-Cleaner"             daemon [_thread_blocked, id=51108, stack(0x000000ced5b00000,0x000000ced5c00000) (1024K)]
  0x000002262b103380 JavaThread "Java2D Disposer"            daemon [_thread_blocked, id=21668, stack(0x000000ced5d00000,0x000000ced5e00000) (1024K)]
  0x000002262b129df0 JavaThread "AWT-Windows"                daemon [_thread_in_native, id=26296, stack(0x000000ced5f00000,0x000000ced6000000) (1024K)]
  0x000002262b13dc80 JavaThread "BlueJ worker thread"               [_thread_blocked, id=54064, stack(0x000000ced6100000,0x000000ced6200000) (1024K)]
  0x00000225c00b9910 JavaThread "DestroyJavaVM"                     [_thread_blocked, id=45788, stack(0x000000ced4500000,0x000000ced4600000) (1024K)]
  0x00000225e55f9c10 JavaThread "main"                              [_thread_blocked, id=51432, stack(0x000000ced4300000,0x000000ced4400000) (1024K)]
  0x00000225e55f7150 JavaThread "AWT-Shutdown"                      [_thread_blocked, id=1728, stack(0x000000ced4200000,0x000000ced4300000) (1024K)]
=>0x000002262b147b20 JavaThread "AWT-EventQueue-0"                  [_thread_in_native, id=4864, stack(0x000000ced4400000,0x000000ced4500000) (1024K)]
Total: 20

Other Threads:
  0x00000225e54a0480 VMThread "VM Thread"                           [id=46644, stack(0x000000ced4c00000,0x000000ced4d00000) (1024K)]
  0x00000225e45977e0 WatcherThread "VM Periodic Task Thread"        [id=37728, stack(0x000000ced4b00000,0x000000ced4c00000) (1024K)]
  0x00000225c015f800 WorkerThread "GC Thread#0"                     [id=53336, stack(0x000000ced4600000,0x000000ced4700000) (1024K)]
  0x00000225c0170360 ConcurrentGCThread "G1 Main Marker"            [id=34424, stack(0x000000ced4700000,0x000000ced4800000) (1024K)]
  0x00000225c0171cf0 WorkerThread "G1 Conc#0"                       [id=17728, stack(0x000000ced4800000,0x000000ced4900000) (1024K)]
  0x00000225e4469df0 ConcurrentGCThread "G1 Refine#0"               [id=33328, stack(0x000000ced4900000,0x000000ced4a00000) (1024K)]
  0x00000225e446b810 ConcurrentGCThread "G1 Service"                [id=5824, stack(0x000000ced4a00000,0x000000ced4b00000) (1024K)]
Total: 7

Threads with active compile tasks:
Total: 0

VM state: not at safepoint (normal execution)

VM Mutex/Monitor currently owned by a thread: None

Heap address: 0x0000000609000000, size: 8048 MB, Compressed Oops mode: Zero based, Oop shift amount: 3

CDS archive(s) mapped at: [0x00000225e6000000-0x00000225e6c80000-0x00000225e6c80000), size 13107200, SharedBaseAddress: 0x00000225e6000000, ArchiveRelocationMode: 1.
Compressed class space mapped at: 0x00000225e7000000-0x0000022627000000, reserved size: 1073741824
Narrow klass base: 0x00000225e6000000, Narrow klass shift: 0, Narrow klass range: 0x100000000

GC Precious Log:
 CardTable entry size: 512
 Card Set container configuration: InlinePtr #cards 4 size 8 Array Of Cards #cards 32 size 80 Howl #buckets 8 coarsen threshold 7372 Howl Bitmap #cards 1024 size 144 coarsen threshold 921 Card regions per heap region 1 cards per card region 8192
 CPUs: 22 total, 22 available
 Memory: 32189M
 Large Page Support: Disabled
 NUMA Support: Disabled
 Compressed Oops: Enabled (Zero based)
 Heap Region Size: 4M
 Heap Min Capacity: 8M
 Heap Initial Capacity: 504M
 Heap Max Capacity: 8048M
 Pre-touch: Disabled
 Parallel Workers: 16
 Concurrent Workers: 4
 Concurrent Refinement Workers: 16
 Periodic GC: Disabled

Heap:
 garbage-first heap   total 516096K, used 8192K [0x0000000609000000, 0x0000000800000000)
  region size 4096K, 3 young (12288K), 0 survivors (0K)
 Metaspace       used 2772K, committed 2880K, reserved 1114112K
  class space    used 253K, committed 320K, reserved 1048576K

Heap Regions: E=young(eden), S=young(survivor), O=old, HS=humongous(starts), HC=humongous(continues), CS=collection set, F=free, TAMS=top-at-mark-start, PB=parsable bottom
|   0|0x0000000609000000, 0x0000000609000000, 0x0000000609400000|  0%| F|  |TAMS 0x0000000609000000| PB 0x0000000609000000| Untracked 
|   1|0x0000000609400000, 0x0000000609400000, 0x0000000609800000|  0%| F|  |TAMS 0x0000000609400000| PB 0x0000000609400000| Untracked 
|   2|0x0000000609800000, 0x0000000609800000, 0x0000000609c00000|  0%| F|  |TAMS 0x0000000609800000| PB 0x0000000609800000| Untracked 
|   3|0x0000000609c00000, 0x0000000609c00000, 0x000000060a000000|  0%| F|  |TAMS 0x0000000609c00000| PB 0x0000000609c00000| Untracked 
|   4|0x000000060a000000, 0x000000060a000000, 0x000000060a400000|  0%| F|  |TAMS 0x000000060a000000| PB 0x000000060a000000| Untracked 
|   5|0x000000060a400000, 0x000000060a400000, 0x000000060a800000|  0%| F|  |TAMS 0x000000060a400000| PB 0x000000060a400000| Untracked 
|   6|0x000000060a800000, 0x000000060a800000, 0x000000060ac00000|  0%| F|  |TAMS 0x000000060a800000| PB 0x000000060a800000| Untracked 
|   7|0x000000060ac00000, 0x000000060ac00000, 0x000000060b000000|  0%| F|  |TAMS 0x000000060ac00000| PB 0x000000060ac00000| Untracked 
|   8|0x000000060b000000, 0x000000060b000000, 0x000000060b400000|  0%| F|  |TAMS 0x000000060b000000| PB 0x000000060b000000| Untracked 
|   9|0x000000060b400000, 0x000000060b400000, 0x000000060b800000|  0%| F|  |TAMS 0x000000060b400000| PB 0x000000060b400000| Untracked 
|  10|0x000000060b800000, 0x000000060b800000, 0x000000060bc00000|  0%| F|  |TAMS 0x000000060b800000| PB 0x000000060b800000| Untracked 
|  11|0x000000060bc00000, 0x000000060bc00000, 0x000000060c000000|  0%| F|  |TAMS 0x000000060bc00000| PB 0x000000060bc00000| Untracked 
|  12|0x000000060c000000, 0x000000060c000000, 0x000000060c400000|  0%| F|  |TAMS 0x000000060c000000| PB 0x000000060c000000| Untracked 
|  13|0x000000060c400000, 0x000000060c400000, 0x000000060c800000|  0%| F|  |TAMS 0x000000060c400000| PB 0x000000060c400000| Untracked 
|  14|0x000000060c800000, 0x000000060c800000, 0x000000060cc00000|  0%| F|  |TAMS 0x000000060c800000| PB 0x000000060c800000| Untracked 
|  15|0x000000060cc00000, 0x000000060cc00000, 0x000000060d000000|  0%| F|  |TAMS 0x000000060cc00000| PB 0x000000060cc00000| Untracked 
|  16|0x000000060d000000, 0x000000060d000000, 0x000000060d400000|  0%| F|  |TAMS 0x000000060d000000| PB 0x000000060d000000| Untracked 
|  17|0x000000060d400000, 0x000000060d400000, 0x000000060d800000|  0%| F|  |TAMS 0x000000060d400000| PB 0x000000060d400000| Untracked 
|  18|0x000000060d800000, 0x000000060d800000, 0x000000060dc00000|  0%| F|  |TAMS 0x000000060d800000| PB 0x000000060d800000| Untracked 
|  19|0x000000060dc00000, 0x000000060dc00000, 0x000000060e000000|  0%| F|  |TAMS 0x000000060dc00000| PB 0x000000060dc00000| Untracked 
|  20|0x000000060e000000, 0x000000060e000000, 0x000000060e400000|  0%| F|  |TAMS 0x000000060e000000| PB 0x000000060e000000| Untracked 
|  21|0x000000060e400000, 0x000000060e400000, 0x000000060e800000|  0%| F|  |TAMS 0x000000060e400000| PB 0x000000060e400000| Untracked 
|  22|0x000000060e800000, 0x000000060e800000, 0x000000060ec00000|  0%| F|  |TAMS 0x000000060e800000| PB 0x000000060e800000| Untracked 
|  23|0x000000060ec00000, 0x000000060ec00000, 0x000000060f000000|  0%| F|  |TAMS 0x000000060ec00000| PB 0x000000060ec00000| Untracked 
|  24|0x000000060f000000, 0x000000060f000000, 0x000000060f400000|  0%| F|  |TAMS 0x000000060f000000| PB 0x000000060f000000| Untracked 
|  25|0x000000060f400000, 0x000000060f400000, 0x000000060f800000|  0%| F|  |TAMS 0x000000060f400000| PB 0x000000060f400000| Untracked 
|  26|0x000000060f800000, 0x000000060f800000, 0x000000060fc00000|  0%| F|  |TAMS 0x000000060f800000| PB 0x000000060f800000| Untracked 
|  27|0x000000060fc00000, 0x000000060fc00000, 0x0000000610000000|  0%| F|  |TAMS 0x000000060fc00000| PB 0x000000060fc00000| Untracked 
|  28|0x0000000610000000, 0x0000000610000000, 0x0000000610400000|  0%| F|  |TAMS 0x0000000610000000| PB 0x0000000610000000| Untracked 
|  29|0x0000000610400000, 0x0000000610400000, 0x0000000610800000|  0%| F|  |TAMS 0x0000000610400000| PB 0x0000000610400000| Untracked 
|  30|0x0000000610800000, 0x0000000610800000, 0x0000000610c00000|  0%| F|  |TAMS 0x0000000610800000| PB 0x0000000610800000| Untracked 
|  31|0x0000000610c00000, 0x0000000610c00000, 0x0000000611000000|  0%| F|  |TAMS 0x0000000610c00000| PB 0x0000000610c00000| Untracked 
|  32|0x0000000611000000, 0x0000000611000000, 0x0000000611400000|  0%| F|  |TAMS 0x0000000611000000| PB 0x0000000611000000| Untracked 
|  33|0x0000000611400000, 0x0000000611400000, 0x0000000611800000|  0%| F|  |TAMS 0x0000000611400000| PB 0x0000000611400000| Untracked 
|  34|0x0000000611800000, 0x0000000611800000, 0x0000000611c00000|  0%| F|  |TAMS 0x0000000611800000| PB 0x0000000611800000| Untracked 
|  35|0x0000000611c00000, 0x0000000611c00000, 0x0000000612000000|  0%| F|  |TAMS 0x0000000611c00000| PB 0x0000000611c00000| Untracked 
|  36|0x0000000612000000, 0x0000000612000000, 0x0000000612400000|  0%| F|  |TAMS 0x0000000612000000| PB 0x0000000612000000| Untracked 
|  37|0x0000000612400000, 0x0000000612400000, 0x0000000612800000|  0%| F|  |TAMS 0x0000000612400000| PB 0x0000000612400000| Untracked 
|  38|0x0000000612800000, 0x0000000612800000, 0x0000000612c00000|  0%| F|  |TAMS 0x0000000612800000| PB 0x0000000612800000| Untracked 
|  39|0x0000000612c00000, 0x0000000612c00000, 0x0000000613000000|  0%| F|  |TAMS 0x0000000612c00000| PB 0x0000000612c00000| Untracked 
|  40|0x0000000613000000, 0x0000000613000000, 0x0000000613400000|  0%| F|  |TAMS 0x0000000613000000| PB 0x0000000613000000| Untracked 
|  41|0x0000000613400000, 0x0000000613400000, 0x0000000613800000|  0%| F|  |TAMS 0x0000000613400000| PB 0x0000000613400000| Untracked 
|  42|0x0000000613800000, 0x0000000613800000, 0x0000000613c00000|  0%| F|  |TAMS 0x0000000613800000| PB 0x0000000613800000| Untracked 
|  43|0x0000000613c00000, 0x0000000613c00000, 0x0000000614000000|  0%| F|  |TAMS 0x0000000613c00000| PB 0x0000000613c00000| Untracked 
|  44|0x0000000614000000, 0x0000000614000000, 0x0000000614400000|  0%| F|  |TAMS 0x0000000614000000| PB 0x0000000614000000| Untracked 
|  45|0x0000000614400000, 0x0000000614400000, 0x0000000614800000|  0%| F|  |TAMS 0x0000000614400000| PB 0x0000000614400000| Untracked 
|  46|0x0000000614800000, 0x0000000614800000, 0x0000000614c00000|  0%| F|  |TAMS 0x0000000614800000| PB 0x0000000614800000| Untracked 
|  47|0x0000000614c00000, 0x0000000614c00000, 0x0000000615000000|  0%| F|  |TAMS 0x0000000614c00000| PB 0x0000000614c00000| Untracked 
|  48|0x0000000615000000, 0x0000000615000000, 0x0000000615400000|  0%| F|  |TAMS 0x0000000615000000| PB 0x0000000615000000| Untracked 
|  49|0x0000000615400000, 0x0000000615400000, 0x0000000615800000|  0%| F|  |TAMS 0x0000000615400000| PB 0x0000000615400000| Untracked 
|  50|0x0000000615800000, 0x0000000615800000, 0x0000000615c00000|  0%| F|  |TAMS 0x0000000615800000| PB 0x0000000615800000| Untracked 
|  51|0x0000000615c00000, 0x0000000615c00000, 0x0000000616000000|  0%| F|  |TAMS 0x0000000615c00000| PB 0x0000000615c00000| Untracked 
|  52|0x0000000616000000, 0x0000000616000000, 0x0000000616400000|  0%| F|  |TAMS 0x0000000616000000| PB 0x0000000616000000| Untracked 
|  53|0x0000000616400000, 0x0000000616400000, 0x0000000616800000|  0%| F|  |TAMS 0x0000000616400000| PB 0x0000000616400000| Untracked 
|  54|0x0000000616800000, 0x0000000616800000, 0x0000000616c00000|  0%| F|  |TAMS 0x0000000616800000| PB 0x0000000616800000| Untracked 
|  55|0x0000000616c00000, 0x0000000616c00000, 0x0000000617000000|  0%| F|  |TAMS 0x0000000616c00000| PB 0x0000000616c00000| Untracked 
|  56|0x0000000617000000, 0x0000000617000000, 0x0000000617400000|  0%| F|  |TAMS 0x0000000617000000| PB 0x0000000617000000| Untracked 
|  57|0x0000000617400000, 0x0000000617400000, 0x0000000617800000|  0%| F|  |TAMS 0x0000000617400000| PB 0x0000000617400000| Untracked 
|  58|0x0000000617800000, 0x0000000617800000, 0x0000000617c00000|  0%| F|  |TAMS 0x0000000617800000| PB 0x0000000617800000| Untracked 
|  59|0x0000000617c00000, 0x0000000617c00000, 0x0000000618000000|  0%| F|  |TAMS 0x0000000617c00000| PB 0x0000000617c00000| Untracked 
|  60|0x0000000618000000, 0x0000000618000000, 0x0000000618400000|  0%| F|  |TAMS 0x0000000618000000| PB 0x0000000618000000| Untracked 
|  61|0x0000000618400000, 0x0000000618400000, 0x0000000618800000|  0%| F|  |TAMS 0x0000000618400000| PB 0x0000000618400000| Untracked 
|  62|0x0000000618800000, 0x0000000618800000, 0x0000000618c00000|  0%| F|  |TAMS 0x0000000618800000| PB 0x0000000618800000| Untracked 
|  63|0x0000000618c00000, 0x0000000618c00000, 0x0000000619000000|  0%| F|  |TAMS 0x0000000618c00000| PB 0x0000000618c00000| Untracked 
|  64|0x0000000619000000, 0x0000000619000000, 0x0000000619400000|  0%| F|  |TAMS 0x0000000619000000| PB 0x0000000619000000| Untracked 
|  65|0x0000000619400000, 0x0000000619400000, 0x0000000619800000|  0%| F|  |TAMS 0x0000000619400000| PB 0x0000000619400000| Untracked 
|  66|0x0000000619800000, 0x0000000619800000, 0x0000000619c00000|  0%| F|  |TAMS 0x0000000619800000| PB 0x0000000619800000| Untracked 
|  67|0x0000000619c00000, 0x0000000619c00000, 0x000000061a000000|  0%| F|  |TAMS 0x0000000619c00000| PB 0x0000000619c00000| Untracked 
|  68|0x000000061a000000, 0x000000061a000000, 0x000000061a400000|  0%| F|  |TAMS 0x000000061a000000| PB 0x000000061a000000| Untracked 
|  69|0x000000061a400000, 0x000000061a400000, 0x000000061a800000|  0%| F|  |TAMS 0x000000061a400000| PB 0x000000061a400000| Untracked 
|  70|0x000000061a800000, 0x000000061a800000, 0x000000061ac00000|  0%| F|  |TAMS 0x000000061a800000| PB 0x000000061a800000| Untracked 
|  71|0x000000061ac00000, 0x000000061ac00000, 0x000000061b000000|  0%| F|  |TAMS 0x000000061ac00000| PB 0x000000061ac00000| Untracked 
|  72|0x000000061b000000, 0x000000061b000000, 0x000000061b400000|  0%| F|  |TAMS 0x000000061b000000| PB 0x000000061b000000| Untracked 
|  73|0x000000061b400000, 0x000000061b400000, 0x000000061b800000|  0%| F|  |TAMS 0x000000061b400000| PB 0x000000061b400000| Untracked 
|  74|0x000000061b800000, 0x000000061b800000, 0x000000061bc00000|  0%| F|  |TAMS 0x000000061b800000| PB 0x000000061b800000| Untracked 
|  75|0x000000061bc00000, 0x000000061bc00000, 0x000000061c000000|  0%| F|  |TAMS 0x000000061bc00000| PB 0x000000061bc00000| Untracked 
|  76|0x000000061c000000, 0x000000061c000000, 0x000000061c400000|  0%| F|  |TAMS 0x000000061c000000| PB 0x000000061c000000| Untracked 
|  77|0x000000061c400000, 0x000000061c400000, 0x000000061c800000|  0%| F|  |TAMS 0x000000061c400000| PB 0x000000061c400000| Untracked 
|  78|0x000000061c800000, 0x000000061c800000, 0x000000061cc00000|  0%| F|  |TAMS 0x000000061c800000| PB 0x000000061c800000| Untracked 
|  79|0x000000061cc00000, 0x000000061cc00000, 0x000000061d000000|  0%| F|  |TAMS 0x000000061cc00000| PB 0x000000061cc00000| Untracked 
|  80|0x000000061d000000, 0x000000061d000000, 0x000000061d400000|  0%| F|  |TAMS 0x000000061d000000| PB 0x000000061d000000| Untracked 
|  81|0x000000061d400000, 0x000000061d400000, 0x000000061d800000|  0%| F|  |TAMS 0x000000061d400000| PB 0x000000061d400000| Untracked 
|  82|0x000000061d800000, 0x000000061d800000, 0x000000061dc00000|  0%| F|  |TAMS 0x000000061d800000| PB 0x000000061d800000| Untracked 
|  83|0x000000061dc00000, 0x000000061dc00000, 0x000000061e000000|  0%| F|  |TAMS 0x000000061dc00000| PB 0x000000061dc00000| Untracked 
|  84|0x000000061e000000, 0x000000061e000000, 0x000000061e400000|  0%| F|  |TAMS 0x000000061e000000| PB 0x000000061e000000| Untracked 
|  85|0x000000061e400000, 0x000000061e400000, 0x000000061e800000|  0%| F|  |TAMS 0x000000061e400000| PB 0x000000061e400000| Untracked 
|  86|0x000000061e800000, 0x000000061e800000, 0x000000061ec00000|  0%| F|  |TAMS 0x000000061e800000| PB 0x000000061e800000| Untracked 
|  87|0x000000061ec00000, 0x000000061ec00000, 0x000000061f000000|  0%| F|  |TAMS 0x000000061ec00000| PB 0x000000061ec00000| Untracked 
|  88|0x000000061f000000, 0x000000061f000000, 0x000000061f400000|  0%| F|  |TAMS 0x000000061f000000| PB 0x000000061f000000| Untracked 
|  89|0x000000061f400000, 0x000000061f400000, 0x000000061f800000|  0%| F|  |TAMS 0x000000061f400000| PB 0x000000061f400000| Untracked 
|  90|0x000000061f800000, 0x000000061f800000, 0x000000061fc00000|  0%| F|  |TAMS 0x000000061f800000| PB 0x000000061f800000| Untracked 
|  91|0x000000061fc00000, 0x000000061fc00000, 0x0000000620000000|  0%| F|  |TAMS 0x000000061fc00000| PB 0x000000061fc00000| Untracked 
|  92|0x0000000620000000, 0x0000000620000000, 0x0000000620400000|  0%| F|  |TAMS 0x0000000620000000| PB 0x0000000620000000| Untracked 
|  93|0x0000000620400000, 0x0000000620400000, 0x0000000620800000|  0%| F|  |TAMS 0x0000000620400000| PB 0x0000000620400000| Untracked 
|  94|0x0000000620800000, 0x0000000620800000, 0x0000000620c00000|  0%| F|  |TAMS 0x0000000620800000| PB 0x0000000620800000| Untracked 
|  95|0x0000000620c00000, 0x0000000620c00000, 0x0000000621000000|  0%| F|  |TAMS 0x0000000620c00000| PB 0x0000000620c00000| Untracked 
|  96|0x0000000621000000, 0x0000000621000000, 0x0000000621400000|  0%| F|  |TAMS 0x0000000621000000| PB 0x0000000621000000| Untracked 
|  97|0x0000000621400000, 0x0000000621400000, 0x0000000621800000|  0%| F|  |TAMS 0x0000000621400000| PB 0x0000000621400000| Untracked 
|  98|0x0000000621800000, 0x0000000621800000, 0x0000000621c00000|  0%| F|  |TAMS 0x0000000621800000| PB 0x0000000621800000| Untracked 
|  99|0x0000000621c00000, 0x0000000621c00000, 0x0000000622000000|  0%| F|  |TAMS 0x0000000621c00000| PB 0x0000000621c00000| Untracked 
| 100|0x0000000622000000, 0x0000000622000000, 0x0000000622400000|  0%| F|  |TAMS 0x0000000622000000| PB 0x0000000622000000| Untracked 
| 101|0x0000000622400000, 0x0000000622400000, 0x0000000622800000|  0%| F|  |TAMS 0x0000000622400000| PB 0x0000000622400000| Untracked 
| 102|0x0000000622800000, 0x0000000622800000, 0x0000000622c00000|  0%| F|  |TAMS 0x0000000622800000| PB 0x0000000622800000| Untracked 
| 103|0x0000000622c00000, 0x0000000622c00000, 0x0000000623000000|  0%| F|  |TAMS 0x0000000622c00000| PB 0x0000000622c00000| Untracked 
| 104|0x0000000623000000, 0x0000000623000000, 0x0000000623400000|  0%| F|  |TAMS 0x0000000623000000| PB 0x0000000623000000| Untracked 
| 105|0x0000000623400000, 0x0000000623400000, 0x0000000623800000|  0%| F|  |TAMS 0x0000000623400000| PB 0x0000000623400000| Untracked 
| 106|0x0000000623800000, 0x0000000623800000, 0x0000000623c00000|  0%| F|  |TAMS 0x0000000623800000| PB 0x0000000623800000| Untracked 
| 107|0x0000000623c00000, 0x0000000623c00000, 0x0000000624000000|  0%| F|  |TAMS 0x0000000623c00000| PB 0x0000000623c00000| Untracked 
| 108|0x0000000624000000, 0x0000000624000000, 0x0000000624400000|  0%| F|  |TAMS 0x0000000624000000| PB 0x0000000624000000| Untracked 
| 109|0x0000000624400000, 0x0000000624400000, 0x0000000624800000|  0%| F|  |TAMS 0x0000000624400000| PB 0x0000000624400000| Untracked 
| 110|0x0000000624800000, 0x0000000624800000, 0x0000000624c00000|  0%| F|  |TAMS 0x0000000624800000| PB 0x0000000624800000| Untracked 
| 111|0x0000000624c00000, 0x0000000624c00000, 0x0000000625000000|  0%| F|  |TAMS 0x0000000624c00000| PB 0x0000000624c00000| Untracked 
| 112|0x0000000625000000, 0x0000000625000000, 0x0000000625400000|  0%| F|  |TAMS 0x0000000625000000| PB 0x0000000625000000| Untracked 
| 113|0x0000000625400000, 0x0000000625400000, 0x0000000625800000|  0%| F|  |TAMS 0x0000000625400000| PB 0x0000000625400000| Untracked 
| 114|0x0000000625800000, 0x0000000625800000, 0x0000000625c00000|  0%| F|  |TAMS 0x0000000625800000| PB 0x0000000625800000| Untracked 
| 115|0x0000000625c00000, 0x0000000625c00000, 0x0000000626000000|  0%| F|  |TAMS 0x0000000625c00000| PB 0x0000000625c00000| Untracked 
| 116|0x0000000626000000, 0x0000000626000000, 0x0000000626400000|  0%| F|  |TAMS 0x0000000626000000| PB 0x0000000626000000| Untracked 
| 117|0x0000000626400000, 0x0000000626400000, 0x0000000626800000|  0%| F|  |TAMS 0x0000000626400000| PB 0x0000000626400000| Untracked 
| 118|0x0000000626800000, 0x0000000626800000, 0x0000000626c00000|  0%| F|  |TAMS 0x0000000626800000| PB 0x0000000626800000| Untracked 
| 119|0x0000000626c00000, 0x0000000626c00000, 0x0000000627000000|  0%| F|  |TAMS 0x0000000626c00000| PB 0x0000000626c00000| Untracked 
| 120|0x0000000627000000, 0x0000000627000000, 0x0000000627400000|  0%| F|  |TAMS 0x0000000627000000| PB 0x0000000627000000| Untracked 
| 121|0x0000000627400000, 0x0000000627400000, 0x0000000627800000|  0%| F|  |TAMS 0x0000000627400000| PB 0x0000000627400000| Untracked 
| 122|0x0000000627800000, 0x0000000627800000, 0x0000000627c00000|  0%| F|  |TAMS 0x0000000627800000| PB 0x0000000627800000| Untracked 
| 123|0x0000000627c00000, 0x0000000627e66800, 0x0000000628000000| 60%| E|  |TAMS 0x0000000627c00000| PB 0x0000000627c00000| Complete 
| 124|0x0000000628000000, 0x0000000628400000, 0x0000000628400000|100%| E|CS|TAMS 0x0000000628000000| PB 0x0000000628000000| Complete 
| 125|0x0000000628400000, 0x0000000628800000, 0x0000000628800000|100%| E|CS|TAMS 0x0000000628400000| PB 0x0000000628400000| Complete 

Card table byte_map: [0x00000225d9310000,0x00000225da2d0000] _byte_map_base: 0x00000225d62c8000

Marking Bits: (CMBitMap*) 0x00000225c015ff00
 Bits: [0x00000225da2d0000, 0x00000225e2090000)

Polling page: 0x00000225bdb50000

Metaspace:

Usage:
  Non-class:      2.46 MB used.
      Class:    253.23 KB used.
       Both:      2.71 MB used.

Virtual space:
  Non-class space:       64.00 MB reserved,       2.50 MB (  4%) committed,  1 nodes.
      Class space:        1.00 GB reserved,     320.00 KB ( <1%) committed,  1 nodes.
             Both:        1.06 GB reserved,       2.81 MB ( <1%) committed. 

Chunk freelists:
   Non-Class:  11.88 MB
       Class:  15.70 MB
        Both:  27.58 MB

MaxMetaspaceSize: unlimited
CompressedClassSpaceSize: 1.00 GB
Initial GC threshold: 21.00 MB
Current GC threshold: 21.00 MB
CDS: on
 - commit_granule_bytes: 65536.
 - commit_granule_words: 8192.
 - virtual_space_node_default_size: 8388608.
 - enlarge_chunks_in_place: 1.
 - use_allocation_guard: 0.


Internal statistics:

num_allocs_failed_limit: 0.
num_arena_births: 90.
num_arena_deaths: 0.
num_vsnodes_births: 2.
num_vsnodes_deaths: 0.
num_space_committed: 45.
num_space_uncommitted: 0.
num_chunks_returned_to_freelist: 0.
num_chunks_taken_from_freelist: 107.
num_chunk_merges: 0.
num_chunk_splits: 69.
num_chunks_enlarged: 32.
num_inconsistent_stats: 0.

CodeHeap 'non-profiled nmethods': size=119168Kb used=149Kb max_used=149Kb free=119018Kb
 bounds [0x00000225d0340000, 0x00000225d05b0000, 0x00000225d77a0000]
CodeHeap 'profiled nmethods': size=119104Kb used=631Kb max_used=631Kb free=118472Kb
 bounds [0x00000225c87a0000, 0x00000225c8a10000, 0x00000225cfbf0000]
CodeHeap 'non-nmethods': size=7488Kb used=1450Kb max_used=2584Kb free=6037Kb
 bounds [0x00000225cfbf0000, 0x00000225cfe80000, 0x00000225d0340000]
 total_blobs=925 nmethods=441 adapters=389
 compilation: enabled
              stopped_count=0, restarted_count=0
 full_count=0

Compilation events (20 events):
Event: 893.459 Thread 0x00000225e54df160  430       3       java.lang.Character::getType (9 bytes)
Event: 893.460 Thread 0x00000225e54df160 nmethod 430 0x00000225c8839e90 code [0x00000225c883a040, 0x00000225c883a238]
Event: 893.460 Thread 0x00000225e54df160  431       3       java.lang.CharacterDataLatin1::getType (11 bytes)
Event: 893.460 Thread 0x00000225e54df160 nmethod 431 0x00000225c883a310 code [0x00000225c883a4c0, 0x00000225c883a678]
Event: 893.460 Thread 0x00000225e54df160  429       3       sun.net.util.IPAddressUtil::earlyURLParsing (12 bytes)
Event: 893.460 Thread 0x00000225e54df160 nmethod 429 0x00000225c883a790 code [0x00000225c883a920, 0x00000225c883aa30]
Event: 893.460 Thread 0x00000225e54df160  433       3       java.lang.String::replace (42 bytes)
Event: 893.460 Thread 0x00000225e54df160 nmethod 433 0x00000225c883aa90 code [0x00000225c883ac60, 0x00000225c883af98]
Event: 893.460 Thread 0x00000225e54df160  434       3       java.lang.Character::isLetterOrDigit (5 bytes)
Event: 893.460 Thread 0x00000225e54df160 nmethod 434 0x00000225c883b090 code [0x00000225c883b260, 0x00000225c883b570]
Event: 893.460 Thread 0x00000225e54df160  432       1       java.net.URL::getUserInfo (5 bytes)
Event: 893.460 Thread 0x00000225e54df160 nmethod 432 0x00000225d0364810 code [0x00000225d03649a0, 0x00000225d0364a70]
Event: 1322.512 Thread 0x00000225e54df160  438       1       java.util.concurrent.locks.AbstractOwnableSynchronizer::setExclusiveOwnerThread (6 bytes)
Event: 1322.512 Thread 0x00000225e54df160 nmethod 438 0x00000225d0365210 code [0x00000225d03653a0, 0x00000225d03654b8]
Event: 1322.610 Thread 0x00000225e54df160  439       3       java.lang.invoke.MethodHandle::<init> (37 bytes)
Event: 1322.612 Thread 0x00000225e54df160 nmethod 439 0x00000225c883b690 code [0x00000225c883b8c0, 0x00000225c883be60]
Event: 1322.612 Thread 0x00000225e54df160  440       3       java.lang.invoke.LambdaForm::prepare (108 bytes)
Event: 1322.613 Thread 0x00000225e54df160 nmethod 440 0x00000225c883c110 code [0x00000225c883c360, 0x00000225c883cb78]
Event: 1322.613 Thread 0x00000225e54df160  441       3       java.util.concurrent.ConcurrentHashMap$Traverser::advance (188 bytes)
Event: 1322.614 Thread 0x00000225e54df160 nmethod 441 0x00000225c883ce90 code [0x00000225c883d0e0, 0x00000225c883dc78]

GC Heap History (0 events):
No events

Dll operation events (7 events):
Event: 0.007 Loaded shared library C:\Program Files\BlueJ\jdk\bin\java.dll
Event: 0.031 Loaded shared library C:\Program Files\BlueJ\jdk\bin\jsvml.dll
Event: 0.447 Loaded shared library C:\Program Files\BlueJ\jdk\bin\net.dll
Event: 0.449 Loaded shared library C:\Program Files\BlueJ\jdk\bin\nio.dll
Event: 0.466 Loaded shared library C:\Program Files\BlueJ\jdk\bin\zip.dll
Event: 0.517 Loaded shared library C:\Program Files\BlueJ\jdk\bin\jimage.dll
Event: 0.520 Loaded shared library C:\Program Files\BlueJ\jdk\bin\awt.dll

Deoptimization events (4 events):
Event: 0.486 Thread 0x00000225c00b9910 Uncommon trap: trap_request=0xffffff45 fr.pc=0x00000225d0349ba0 relative=0x0000000000000980
Event: 0.486 Thread 0x00000225c00b9910 Uncommon trap: reason=unstable_if action=reinterpret pc=0x00000225d0349ba0 method=java.util.zip.ZipFile$Source.checkAndAddEntry(II)I @ 128 c2
Event: 0.486 Thread 0x00000225c00b9910 DEOPT PACKING pc=0x00000225d0349ba0 sp=0x000000ced45f9f90
Event: 0.486 Thread 0x00000225c00b9910 DEOPT UNPACKING pc=0x00000225cfc446a2 sp=0x000000ced45f9f20 mode 2

Classes loaded (20 events):
Event: 1322.606 Loading class sun/java2d/d3d/D3DContext$D3DContextCaps
Event: 1322.608 Loading class sun/java2d/pipe/hw/ContextCapabilities
Event: 1322.609 Loading class sun/java2d/pipe/hw/ContextCapabilities done
Event: 1322.609 Loading class sun/java2d/d3d/D3DContext$D3DContextCaps done
Event: 1322.615 Loading class sun/awt/Win32GraphicsConfig
Event: 1322.617 Loading class sun/awt/image/SurfaceManager$ProxiedGraphicsConfig
Event: 1322.618 Loading class sun/awt/image/SurfaceManager$ProxiedGraphicsConfig done
Event: 1322.618 Loading class java/awt/GraphicsConfiguration
Event: 1322.618 Loading class java/awt/GraphicsConfiguration done
Event: 1322.618 Loading class sun/awt/Win32GraphicsConfig done
Event: 1322.618 Loading class java/awt/Rectangle
Event: 1322.619 Loading class java/awt/Shape
Event: 1322.619 Loading class java/awt/Shape done
Event: 1322.619 Loading class java/awt/geom/Rectangle2D
Event: 1322.619 Loading class java/awt/geom/RectangularShape
Event: 1322.619 Loading class java/awt/geom/RectangularShape done
Event: 1322.619 Loading class java/awt/geom/Rectangle2D done
Event: 1322.619 Loading class java/awt/Rectangle done
Event: 1323.684 Loading class java/util/ArrayList$ListItr
Event: 1323.685 Loading class java/util/ArrayList$ListItr done

Classes unloaded (0 events):
No events

Classes redefined (0 events):
No events

Internal exceptions (3 events):
Event: 0.508 Thread 0x00000225c00b9910 Exception <a 'java/lang/ClassNotFoundException'{0x00000006280cffa8}: sun/awt/resources/spi/awtProvider> (0x00000006280cffa8) 
thrown [s\src\hotspot\share\classfile\systemDictionary.cpp, line 312]
Event: 0.529 Thread 0x00000225c00b9910 Exception <a 'java/io/FileNotFoundException'{0x0000000628133128}> (0x0000000628133128) 
thrown [s\src\hotspot\share\prims\jni.cpp, line 520]
Event: 0.534 Thread 0x00000225c00b9910 Exception <a 'java/io/FileNotFoundException'{0x000000062815da50}> (0x000000062815da50) 
thrown [s\src\hotspot\share\prims\jni.cpp, line 520]

ZGC Phase Switch (0 events):
No events

VM Operations (20 events):
Event: 0.498 Executing VM operation: ChangeBreakpoints
Event: 0.498 Executing VM operation: ChangeBreakpoints done
Event: 0.498 Executing VM operation: ChangeBreakpoints
Event: 0.498 Executing VM operation: ChangeBreakpoints done
Event: 0.499 Executing VM operation: ChangeBreakpoints
Event: 0.499 Executing VM operation: ChangeBreakpoints done
Event: 1.508 Executing VM operation: Cleanup
Event: 1.508 Executing VM operation: Cleanup done
Event: 1.639 Executing VM operation: HandshakeAllThreads (Deoptimize)
Event: 1.639 Executing VM operation: HandshakeAllThreads (Deoptimize) done
Event: 60.241 Executing VM operation: HandshakeAllThreads (HandshakeForDeflation)
Event: 60.241 Executing VM operation: HandshakeAllThreads (HandshakeForDeflation) done
Event: 60.241 Executing VM operation: RendezvousGCThreads
Event: 60.241 Executing VM operation: RendezvousGCThreads done
Event: 1322.505 Executing VM operation: Cleanup
Event: 1322.505 Executing VM operation: Cleanup done
Event: 1323.359 Executing VM operation: HandshakeAllThreads (HandshakeForDeflation)
Event: 1323.359 Executing VM operation: HandshakeAllThreads (HandshakeForDeflation) done
Event: 1323.359 Executing VM operation: RendezvousGCThreads
Event: 1323.359 Executing VM operation: RendezvousGCThreads done

Memory protections (0 events):
No events

Nmethod flushes (0 events):
No events

Events (20 events):
Event: 0.480 Thread 0x00000225e55f9c10 Thread added: 0x00000225e57365b0
Event: 0.591 Thread 0x00000225c00b9910 Thread added: 0x000002262b103380
Event: 0.597 Thread 0x00000225c00b9910 Thread added: 0x000002262b104c00
Event: 0.599 Thread 0x00000225c00b9910 Thread added: 0x000002262b129df0
Event: 0.622 Thread 0x00000225c00b9910 Thread added: 0x000002262b13c610
Event: 0.622 Thread 0x00000225c00b9910 Thread added: 0x000002262b13dc80
Event: 0.623 Thread 0x00000225c00b9910 Thread exited: 0x00000225c00b9910
Event: 0.623 Thread 0x00000225c00b9910 Thread added: 0x00000225c00b9910
Event: 1.644 Thread 0x000002262b104c00 Thread exited: 0x000002262b104c00
Event: 5.650 Thread 0x00000225e57365b0 Thread exited: 0x00000225e57365b0
Event: 5.650 Thread 0x00000225e55f9c10 Thread exited: 0x00000225e55f9c10
Event: 10.665 Thread 0x00000225e55f7150 Thread exited: 0x00000225e55f7150
Event: 576.693 Thread 0x000002262b13c610 Thread added: 0x00000225e55f7150
Event: 576.693 Thread 0x000002262b13c610 Thread exited: 0x000002262b13c610
Event: 893.457 Thread 0x00000225e55f7150 Thread added: 0x00000225e55f9c10
Event: 893.457 Thread 0x00000225e55f7150 Thread exited: 0x00000225e55f7150
Event: 1316.147 Thread 0x000002262b129df0 Thread added: 0x00000225e55f7150
Event: 1317.174 Thread 0x00000225e55f7150 Thread exited: 0x00000225e55f7150
Event: 1321.093 Thread 0x000002262b129df0 Thread added: 0x00000225e55f7150
Event: 1322.094 Thread 0x000002262b129df0 Thread added: 0x000002262b147b20


Dynamic libraries:
0x00007ff7e10d0000 - 0x00007ff7e10de000 	C:\Program Files\BlueJ\jdk\bin\java.exe
0x00007ff8e0800000 - 0x00007ff8e0a69000 	C:\Windows\SYSTEM32\ntdll.dll
0x00007ff8df6d0000 - 0x00007ff8df799000 	C:\Windows\System32\KERNEL32.DLL
0x00007ff8dda20000 - 0x00007ff8dde13000 	C:\Windows\System32\KERNELBASE.dll
0x00007ff8de250000 - 0x00007ff8de39b000 	C:\Windows\System32\ucrtbase.dll
0x00007ff88f360000 - 0x00007ff88f37e000 	C:\Program Files\BlueJ\jdk\bin\VCRUNTIME140.dll
0x00007ff893270000 - 0x00007ff893288000 	C:\Program Files\BlueJ\jdk\bin\jli.dll
0x00007ff8de8a0000 - 0x00007ff8dea64000 	C:\Windows\System32\USER32.dll
0x00007ff8ca3b0000 - 0x00007ff8ca643000 	C:\Windows\WinSxS\amd64_microsoft.windows.common-controls_6595b64144ccf1df_6.0.26100.5074_none_3e0d6f78e32fd63f\COMCTL32.dll
0x00007ff8de220000 - 0x00007ff8de247000 	C:\Windows\System32\win32u.dll
0x00007ff8e04b0000 - 0x00007ff8e0559000 	C:\Windows\System32\msvcrt.dll
0x00007ff8df4a0000 - 0x00007ff8df4cb000 	C:\Windows\System32\GDI32.dll
0x00007ff8ddf80000 - 0x00007ff8de0ad000 	C:\Windows\System32\gdi32full.dll
0x00007ff8de520000 - 0x00007ff8de5c3000 	C:\Windows\System32\msvcp_win.dll
0x00007ff8df200000 - 0x00007ff8df22f000 	C:\Windows\System32\IMM32.DLL
0x00007ff8adef0000 - 0x00007ff8adefc000 	C:\Program Files\BlueJ\jdk\bin\vcruntime140_1.dll
0x00007ff876ba0000 - 0x00007ff876c2d000 	C:\Program Files\BlueJ\jdk\bin\msvcp140.dll
0x00007fffdfea0000 - 0x00007fffe0c30000 	C:\Program Files\BlueJ\jdk\bin\server\jvm.dll
0x00007ff8df5c0000 - 0x00007ff8df674000 	C:\Windows\System32\ADVAPI32.dll
0x00007ff8dfc40000 - 0x00007ff8dfce6000 	C:\Windows\System32\sechost.dll
0x00007ff8e06a0000 - 0x00007ff8e07b8000 	C:\Windows\System32\RPCRT4.dll
0x00007ff8e0560000 - 0x00007ff8e05d4000 	C:\Windows\System32\WS2_32.dll
0x00007ff8dd7f0000 - 0x00007ff8dd84e000 	C:\Windows\SYSTEM32\POWRPROF.dll
0x00007ff8ca670000 - 0x00007ff8ca6a5000 	C:\Windows\SYSTEM32\WINMM.dll
0x00007ff8cb100000 - 0x00007ff8cb10b000 	C:\Windows\SYSTEM32\VERSION.dll
0x00007ff8dd7d0000 - 0x00007ff8dd7e4000 	C:\Windows\SYSTEM32\UMPDC.dll
0x00007ff8dc750000 - 0x00007ff8dc76b000 	C:\Windows\SYSTEM32\kernel.appcore.dll
0x00007ff8acd80000 - 0x00007ff8acd8a000 	C:\Program Files\BlueJ\jdk\bin\jimage.dll
0x00007ff8dba00000 - 0x00007ff8dbc42000 	C:\Windows\SYSTEM32\DBGHELP.DLL
0x00007ff8df8a0000 - 0x00007ff8dfc1b000 	C:\Windows\System32\combase.dll
0x00007ff8df4d0000 - 0x00007ff8df5a7000 	C:\Windows\System32\OLEAUT32.dll
0x00007ff8c09d0000 - 0x00007ff8c0a0d000 	C:\Windows\SYSTEM32\dbgcore.DLL
0x00007ff8dde20000 - 0x00007ff8ddeb9000 	C:\Windows\System32\bcryptPrimitives.dll
0x00007ff863120000 - 0x00007ff86315c000 	C:\Program Files\BlueJ\jdk\bin\jdwp.dll
0x00007ff8785e0000 - 0x00007ff8785ff000 	C:\Program Files\BlueJ\jdk\bin\java.dll
0x00007ff8dfcf0000 - 0x00007ff8e043d000 	C:\Windows\System32\SHELL32.dll
0x00007ff8de0b0000 - 0x00007ff8de21c000 	C:\Windows\System32\wintypes.dll
0x00007ff8db1a0000 - 0x00007ff8db9f9000 	C:\Windows\SYSTEM32\windows.storage.dll
0x00007ff8de7a0000 - 0x00007ff8de890000 	C:\Windows\System32\SHCORE.dll
0x00007ff8e0440000 - 0x00007ff8e04a2000 	C:\Windows\System32\shlwapi.dll
0x00007ff8dd8b0000 - 0x00007ff8dd8d9000 	C:\Windows\SYSTEM32\profapi.dll
0x00007ff8742e0000 - 0x00007ff8743b7000 	C:\Program Files\BlueJ\jdk\bin\jsvml.dll
0x00007ff89d590000 - 0x00007ff89d59b000 	C:\Program Files\BlueJ\jdk\bin\dt_shmem.dll
0x00007ff8a8bf0000 - 0x00007ff8a8c00000 	C:\Program Files\BlueJ\jdk\bin\net.dll
0x00007ff8d7210000 - 0x00007ff8d732f000 	C:\Windows\SYSTEM32\WINHTTP.dll
0x00007ff8dccd0000 - 0x00007ff8dcd3b000 	C:\Windows\system32\mswsock.dll
0x00007ff878530000 - 0x00007ff878546000 	C:\Program Files\BlueJ\jdk\bin\nio.dll
0x00007ff877970000 - 0x00007ff877988000 	C:\Program Files\BlueJ\jdk\bin\zip.dll
0x00007ffffc410000 - 0x00007ffffc59e000 	C:\Program Files\BlueJ\jdk\bin\awt.dll
0x00007ff8da580000 - 0x00007ff8da61e000 	C:\Windows\SYSTEM32\apphelp.dll
0x00007ff8da750000 - 0x00007ff8da7f8000 	C:\Windows\system32\uxtheme.dll
0x00007ff8de630000 - 0x00007ff8de788000 	C:\Windows\System32\MSCTF.dll
0x00007ff8dea70000 - 0x00007ff8dec08000 	C:\Windows\System32\ole32.dll
0x00007ff8daa10000 - 0x00007ff8daa3b000 	C:\Windows\system32\DWMAPI.DLL
0x00007fffe1a20000 - 0x00007fffe1b2c000 	C:\Windows\system32\opengl32.dll
0x00007ff862cd0000 - 0x00007ff862cfd000 	C:\Windows\SYSTEM32\GLU32.dll
0x00007ff8da9a0000 - 0x00007ff8da9e4000 	C:\Windows\SYSTEM32\dxcore.dll

dbghelp: loaded successfully - version: 4.0.5 - missing functions: none
symbol engine: initialized successfully - sym options: 0x614 - pdb path: .;C:\Program Files\BlueJ\jdk\bin;C:\Windows\SYSTEM32;C:\Windows\WinSxS\amd64_microsoft.windows.common-controls_6595b64144ccf1df_6.0.26100.5074_none_3e0d6f78e32fd63f;C:\Program Files\BlueJ\jdk\bin\server

VM Arguments:
jvm_args: -ea -agentlib:jdwp=transport=dt_shmem,address=javadebug -Dfile.encoding=UTF-8 
java_command: bluej.runtime.ExecServer UTF-8
java_class_path (initial): C:\Program Files\BlueJ\lib\bluejcore.jar;C:\Program Files\BlueJ\lib\javafx-base-23.0.2-win.jar;C:\Program Files\BlueJ\lib\javafx-controls-23.0.2-win.jar;C:\Program Files\BlueJ\lib\javafx-fxml-23.0.2-win.jar;C:\Program Files\BlueJ\lib\javafx-graphics-23.0.2-win.jar;C:\Program Files\BlueJ\lib\javafx-media-23.0.2-win.jar;C:\Program Files\BlueJ\lib\javafx-swing-23.0.2-win.jar;C:\Program Files\BlueJ\lib\javafx-web-23.0.2-win.jar;C:\Program Files\BlueJ\lib\junit-4.12.jar;C:\Program Files\BlueJ\lib\junit-jupiter-5.5.2.jar;C:\Program Files\BlueJ\lib\junit-jupiter-api-5.5.2.jar;C:\Program Files\BlueJ\lib\junit-jupiter-engine-5.5.2.jar;C:\Program Files\BlueJ\lib\junit-jupiter-params-5.5.2.jar;C:\Program Files\BlueJ\lib\junit-platform-commons-1.5.2.jar;C:\Program Files\BlueJ\lib\junit-platform-engine-1.5.2.jar;C:\Program Files\BlueJ\lib\junit-platform-launcher-1.5.2.jar;C:\Program Files\BlueJ\lib\junit-platform-suite-api-1.5.2.jar;C:\Program Files\BlueJ\lib\junit-vintage-engine-5.5.2.jar;C:\Program Files\BlueJ\lib\hamcrest-core-1.3.jar;C:\Program Files\BlueJ\lib\opentest4j-1.2.0.jar;C:\Program Files\BlueJ\lib\lang-stride.jar;C:\Program Files\BlueJ\lib\javafx\javafx.base.jar;C:\Program Files\BlueJ\lib\javafx\javafx.controls.jar;C:\Program Files\BlueJ\lib\javafx\javafx.fxml.jar;C:\Program Files\BlueJ\lib\javafx\javafx.graphics.jar;C:\Program Files\BlueJ\lib\javafx\javafx.media.jar;C:\Program Files\BlueJ\lib\javafx\javafx.properties.jar;C:\Program Files\BlueJ\lib\javafx\javafx.swing.jar;C:\Program Files\BlueJ\lib\javafx\javafx.web.jar
Launcher Type: SUN_STANDARD

[Global flags]
     intx CICompilerCount                          = 12                                        {product} {ergonomic}
     uint ConcGCThreads                            = 4                                         {product} {ergonomic}
     uint G1ConcRefinementThreads                  = 16                                        {product} {ergonomic}
   size_t G1HeapRegionSize                         = 4194304                                   {product} {ergonomic}
    uintx GCDrainStackTargetSize                   = 64                                        {product} {ergonomic}
   size_t InitialHeapSize                          = 528482304                                 {product} {ergonomic}
   size_t MarkStackSize                            = 4194304                                   {product} {ergonomic}
   size_t MaxHeapSize                              = 8438939648                                {product} {ergonomic}
   size_t MaxNewSize                               = 5062524928                                {product} {ergonomic}
   size_t MinHeapDeltaBytes                        = 4194304                                   {product} {ergonomic}
   size_t MinHeapSize                              = 8388608                                   {product} {ergonomic}
    uintx NonNMethodCodeHeapSize                   = 7602480                                {pd product} {ergonomic}
    uintx NonProfiledCodeHeapSize                  = 122027880                              {pd product} {ergonomic}
    uintx ProfiledCodeHeapSize                     = 122027880                              {pd product} {ergonomic}
    uintx ReservedCodeCacheSize                    = 251658240                              {pd product} {ergonomic}
     bool SegmentedCodeCache                       = true                                      {product} {ergonomic}
   size_t SoftMaxHeapSize                          = 8438939648                             {manageable} {ergonomic}
     bool UseCompressedOops                        = true                           {product lp64_product} {ergonomic}
     bool UseG1GC                                  = true                                      {product} {ergonomic}
     bool UseLargePagesIndividualAllocation        = false                                  {pd product} {ergonomic}

Logging:
Log output configuration:
 #0: stdout all=warning uptime,level,tags foldmultilines=false
 #1: stderr all=off uptime,level,tags foldmultilines=false

Environment Variables:
PATH=C:\Windows\system32;C:\Windows;C:\Windows\System32\Wbem;C:\Windows\System32\WindowsPowerShell\v1.0\;C:\Windows\System32\OpenSSH\;C:\Program Files\Docker\Docker\resources\bin;C:\Program Files\Git\cmd;C:\Windows\system32;C:\Windows;C:\Windows\System32\Wbem;C:\Windows\System32\WindowsPowerShell\v1.0\;C:\Windows\System32\OpenSSH\;C:\Program Files\Docker\Docker\resources\bin;C:\Program Files\Git\cmd;C:\Users\sgold\AppData\Local\Microsoft\WindowsApps;C:\Users\sgold\AppData\Local\Programs\Microsoft VS Code\bin;C:\Program Files\Git\cmd
USERNAME=sgold
OS=Windows_NT
PROCESSOR_IDENTIFIER=Intel64 Family 6 Model 170 Stepping 4, GenuineIntel
TMP=C:\Users\sgold\AppData\Local\Temp
TEMP=C:\Users\sgold\AppData\Local\Temp




Periodic native trim disabled

---------------  S Y S T E M  ---------------

OS:
 Windows 11 , 64 bit Build 26100 (10.0.26100.5074)
OS uptime: 7 days 0:33 hours
Hyper-V role detected

CPU: total 22 (initial active 22) (11 cores per cpu, 2 threads per core) family 6 model 170 stepping 4 microcode 0x1e, cx8, cmov, fxsr, ht, mmx, 3dnowpref, sse, sse2, sse3, ssse3, sse4.1, sse4.2, popcnt, lzcnt, tsc, tscinvbit, avx, avx2, aes, erms, clmul, bmi1, bmi2, adx, sha, fma, vzeroupper, clflush, clflushopt, clwb, hv, serialize, rdtscp, rdpid, fsrm, f16c, cet_ibt, cet_ss
Processor Information for processor 0
  Max Mhz: 1400, Current Mhz: 1400, Mhz Limit: 1400
Processor Information for processor 1
  Max Mhz: 1400, Current Mhz: 1400, Mhz Limit: 1400
Processor Information for processor 2
  Max Mhz: 900, Current Mhz: 900, Mhz Limit: 900
Processor Information for processor 3
  Max Mhz: 900, Current Mhz: 900, Mhz Limit: 900
Processor Information for processor 4
  Max Mhz: 900, Current Mhz: 900, Mhz Limit: 900
Processor Information for processor 5
  Max Mhz: 900, Current Mhz: 900, Mhz Limit: 900
Processor Information for processor 6
  Max Mhz: 900, Current Mhz: 900, Mhz Limit: 900
Processor Information for processor 7
  Max Mhz: 900, Current Mhz: 900, Mhz Limit: 900
Processor Information for processor 8
  Max Mhz: 900, Current Mhz: 900, Mhz Limit: 900
Processor Information for processor 9
  Max Mhz: 900, Current Mhz: 900, Mhz Limit: 900
Processor Information for processor 10
  Max Mhz: 1400, Current Mhz: 1400, Mhz Limit: 1400
Processor Information for processor 11
  Max Mhz: 1400, Current Mhz: 1400, Mhz Limit: 1400
Processor Information for processor 12
  Max Mhz: 1400, Current Mhz: 1400, Mhz Limit: 1400
Processor Information for processor 13
  Max Mhz: 1400, Current Mhz: 1400, Mhz Limit: 1400
Processor Information for processor 14
  Max Mhz: 1400, Current Mhz: 1400, Mhz Limit: 1400
Processor Information for processor 15
  Max Mhz: 1400, Current Mhz: 1400, Mhz Limit: 1400
Processor Information for processor 16
  Max Mhz: 1400, Current Mhz: 1400, Mhz Limit: 1400
Processor Information for processor 17
  Max Mhz: 1400, Current Mhz: 1400, Mhz Limit: 1400
Processor Information for processor 18
  Max Mhz: 1400, Current Mhz: 1400, Mhz Limit: 1400
Processor Information for processor 19
  Max Mhz: 1400, Current Mhz: 1400, Mhz Limit: 1400
Processor Information for processor 20
  Max Mhz: 700, Current Mhz: 700, Mhz Limit: 700
Processor Information for processor 21
  Max Mhz: 700, Current Mhz: 700, Mhz Limit: 700

Memory: 4k page, system-wide physical 32189M (14752M free)
TotalPageFile size 34237M (AvailPageFile size 9344M)
current process WorkingSet (physical memory assigned to process): 51M, peak: 51M
current process commit charge ("private bytes"): 615M, peak: 616M

vm_info: OpenJDK 64-Bit Server VM (21.0.6+7-LTS) for windows-amd64 JRE (21.0.6+7-LTS), built on 2025-01-21T00:00:00Z by "admin" with MS VC++ 17.7 (VS2022)

END.
